14:59:53 **** Build of configuration Debug for project Pocket SDR v.3 ****
cs-make all 
'Building file: ../cyfx_gcc_startup.S'
'Invoking: Cross ARM GNU Assembler'
arm-none-eabi-gcc -mcpu=arm926ej-s -marm -mthumb-interwork -O0 -fmessage-length=0 -fsigned-char -ffunction-sections -fdata-sections -Wall  -g3 -x assembler-with-cpp -I"C:\Program Files (x86)\Cypress\EZ-USB FX3 SDK\1.3\/fw_lib/1_3_5/inc" -MMD -MP -MF"cyfx_gcc_startup.d" -MT"cyfx_gcc_startup.o" -c -o "cyfx_gcc_startup.o" "../cyfx_gcc_startup.S"
'Finished building: ../cyfx_gcc_startup.S'
' '
'Building file: ../cyfxtx.c'
'Invoking: Cross ARM C Compiler'
arm-none-eabi-gcc -mcpu=arm926ej-s -marm -mthumb-interwork -O0 -fmessage-length=0 -fsigned-char -ffunction-sections -fdata-sections -Wall  -g3 -D__CYU3P_TX__=1 -I"C:\Program Files (x86)\Cypress\EZ-USB FX3 SDK\1.3\/fw_lib/1_3_5/inc" -std=gnu11 -MMD -MP -MF"cyfxtx.d" -MT"cyfxtx.o" -c -o "cyfxtx.o" "../cyfxtx.c"
'Finished building: ../cyfxtx.c'
' '
'Building file: ../cyfxusbenumdscr.c'
'Invoking: Cross ARM C Compiler'
arm-none-eabi-gcc -mcpu=arm926ej-s -marm -mthumb-interwork -O0 -fmessage-length=0 -fsigned-char -ffunction-sections -fdata-sections -Wall  -g3 -D__CYU3P_TX__=1 -I"C:\Program Files (x86)\Cypress\EZ-USB FX3 SDK\1.3\/fw_lib/1_3_5/inc" -std=gnu11 -MMD -MP -MF"cyfxusbenumdscr.d" -MT"cyfxusbenumdscr.o" -c -o "cyfxusbenumdscr.o" "../cyfxusbenumdscr.c"
'Finished building: ../cyfxusbenumdscr.c'
' '
'Building file: ../pocket_sdr_v3.c'
'Invoking: Cross ARM C Compiler'
arm-none-eabi-gcc -mcpu=arm926ej-s -marm -mthumb-interwork -O0 -fmessage-length=0 -fsigned-char -ffunction-sections -fdata-sections -Wall  -g3 -D__CYU3P_TX__=1 -I"C:\Program Files (x86)\Cypress\EZ-USB FX3 SDK\1.3\/fw_lib/1_3_5/inc" -std=gnu11 -MMD -MP -MF"pocket_sdr_v3.d" -MT"pocket_sdr_v3.o" -c -o "pocket_sdr_v3.o" "../pocket_sdr_v3.c"
'Finished building: ../pocket_sdr_v3.c'
' '
'Building target: Pocket SDR v.3.elf'
'Invoking: Cross ARM C Linker'
arm-none-eabi-gcc -mcpu=arm926ej-s -marm -mthumb-interwork -O0 -fmessage-length=0 -fsigned-char -ffunction-sections -fdata-sections -Wall  -g3 -T "C:\Program Files (x86)\Cypress\EZ-USB FX3 SDK\1.3\/fw_build/fx3_fw/fx3.ld" -nostartfiles -Xlinker --gc-sections -L"C:\Program Files (x86)\Cypress\EZ-USB FX3 SDK\1.3\/fw_lib/1_3_5/fx3_debug" -L"C:\Program Files (x86)\Cypress\EZ-USB FX3 SDK\1.3\ARM GCC\/lib/gcc/arm-none-eabi/4.8.1" -L"C:\Program Files (x86)\Cypress\EZ-USB FX3 SDK\1.3\ARM GCC\/arm-none-eabi/lib" -Wl,-Map,"Pocket SDR v.3.map" -Wl,-d  -Wl,--no-wchar-size-warning -Wl,--entry,CyU3PFirmwareEntry -o "Pocket SDR v.3.elf"  ./cyfx_gcc_startup.o ./cyfxtx.o ./cyfxusbenumdscr.o ./pocket_sdr_v3.o   -lcyu3lpp -lcyfxapi -lcyu3threadx -lc -lgcc
'Finished building target: Pocket SDR v.3.elf'
' '
cs-make --no-print-directory post-build
'Generate boot-loadable binary image'
elf2img.exe -i Pocket SDR v.3.elf -o Pocket SDR v.3.img -v
Failed to open file Pocket
cs-make[1]: [post-build] Error -1 (ignored)
' '

14:59:55 Build Finished (took 1s.572ms)

